<?xml version="1.0" encoding="UTF-8"?>
<!-- Generated by org.testng.reporters.JUnitReportReporter -->
<testsuite hostname="LAPTOP-5FIH6TMR" failures="0" tests="6" name="com.qa.opencart.tests.AccountsPageTest" time="1.824" errors="0" timestamp="2024-06-27T06:33:32 PDT" skipped="0">
  <testcase classname="com.qa.opencart.tests.AccountsPageTest" name="searchTest" time="0.483"/>
  <testcase classname="com.qa.opencart.tests.AccountsPageTest" name="searchTest" time="0.376"/>
  <testcase classname="com.qa.opencart.tests.AccountsPageTest" name="accPageHeadersTest" time="0.152"/>
  <testcase classname="com.qa.opencart.tests.AccountsPageTest" name="searchTest" time="0.384"/>
  <testcase classname="com.qa.opencart.tests.AccountsPageTest" name="searchTest" time="0.416"/>
  <testcase classname="com.qa.opencart.tests.AccountsPageTest" name="accPageTitleTest" time="0.013"/>
</testsuite> <!-- com.qa.opencart.tests.AccountsPageTest -->
